<?xml version="1.0" encoding="UTF-8"?>
<!-- Generated by org.testng.reporters.JUnitXMLReporter -->
<testsuite ignored="0" hostname="DESKTOP-TSISR14" failures="0" tests="3" name="Default test" time="0.031" errors="0" timestamp="06 Sep 2018 15:10:31 GMT">
  <testcase classname="com.Mobiquity.com.Mobiquity.TestNG.TestAnnotation" name="testMethod1" time="0.009"/>
  <testcase classname="com.Mobiquity.com.Mobiquity.TestNG.TestAnnotation" name="testMethod2" time="0.002"/>
  <testcase classname="com.Mobiquity.com.Mobiquity.TestNG.TestAnnotation" name="testMethod3" time="0.001"/>
</testsuite> <!-- Default test -->
