<?xml version="1.0" encoding="UTF-8"?>
<!-- Generated by org.testng.reporters.JUnitXMLReporter -->
<testsuite ignored="2" hostname="PUNsdholeN4G3QH.local" failures="0" tests="4" name="Application Test" time="0.076" errors="0" timestamp="08 Sep 2018 11:06:14 GMT">
  <testcase classname="Regression_Suite.TestNG_TestClass1" name="testMethod1" time="0.016"/>
  <testcase classname="Regression_Suite.TestNG_TestClass1" name="testMethod2" time="0.002"/>
  <testcase classname="Regression_Suite.TestNG_TestClass2" name="testMethod1" time="0.002"/>
  <testcase classname="Regression_Suite.TestNG_TestClass2" name="testMethod2" time="0.001"/>
  <testcase classname="Base.BaseTestSuite" name="@AfterSuite afterSuite" time="0.0">
    <ignored/>
  </testcase> <!-- @AfterSuite afterSuite -->
  <testcase classname="Base.BaseTestSuite" name="@BeforeSuite beforeSuite" time="0.0">
    <ignored/>
  </testcase> <!-- @BeforeSuite beforeSuite -->
</testsuite> <!-- Application Test -->
