<?xml version="1.0" encoding="UTF-8"?>
<!-- Generated by org.testng.reporters.JUnitXMLReporter -->
<testsuite ignored="2" hostname="PUNsdholeN4G3QH.local" failures="0" tests="2" name="GroupsDemo" time="0.061" errors="0" timestamp="08 Sep 2018 13:01:56 GMT">
  <testcase classname="com.Mobiquity.TestNG.TestNG_Grouping" name="testHondaCBR" time="0.007"/>
  <testcase classname="com.Mobiquity.TestNG.TestNG_Grouping" name="testNinja" time="0.004"/>
  <testcase classname="com.Mobiquity.TestNG.TestNG_Grouping" name="testAudiA6" time="0.0">
    <ignored/>
  </testcase> <!-- testAudiA6 -->
  <testcase classname="com.Mobiquity.TestNG.TestNG_Grouping" name="testBMWX6" time="0.0">
    <ignored/>
  </testcase> <!-- testBMWX6 -->
</testsuite> <!-- GroupsDemo -->
