<?xml version="1.0" encoding="UTF-8"?>
<testng-results ignored="0" total="1" passed="1" failed="0" skipped="0">
  <reporter-output>
  </reporter-output>
  <suite started-at="2018-08-30T14:55:43Z" name="Default suite" finished-at="2018-08-30T14:55:46Z" duration-ms="2358">
    <groups>
    </groups>
    <test started-at="2018-08-30T14:55:43Z" name="Default test" finished-at="2018-08-30T14:55:46Z" duration-ms="2358">
      <class name="specs.RequestSpecificationDemo">
        <test-method is-config="true" signature="setup()[pri:0, instance:specs.RequestSpecificationDemo@7e9131d5]" started-at="2018-08-30T14:55:43Z" name="setup" finished-at="2018-08-30T14:55:44Z" duration-ms="608" status="PASS">
          <reporter-output>
          </reporter-output>
        </test-method> <!-- setup -->
        <test-method signature="transpotation()[pri:0, instance:specs.RequestSpecificationDemo@7e9131d5]" started-at="2018-08-30T14:55:44Z" name="transpotation" finished-at="2018-08-30T14:55:46Z" duration-ms="1725" status="PASS">
          <reporter-output>
          </reporter-output>
        </test-method> <!-- transpotation -->
      </class> <!-- specs.RequestSpecificationDemo -->
    </test> <!-- Default test -->
  </suite> <!-- Default suite -->
</testng-results>
